Build started 2013-05-14 17:17:57.
     1>Project "J:\3D2_Project\DV1222 - Lab3 - Rasmus Tilljander\DV1222 - Lab3 - Rasmus Tilljander\DV1222 - Lab3 - Rasmus Tilljander.vcxproj" on node 2 (build target(s)).
     1>InitializeBuildStatus:
         Creating "Debug\DV1222 - Lab3 - Rasmus Tilljander.unsuccessfulbuild" because "AlwaysCreate" was specified.
       ClCompile:
         C:\Program Files (x86)\Microsoft Visual Studio 10.0\VC\bin\CL.exe /c /I"C:\Program Files (x86)\FMOD SoundSystem\FMOD Studio API Windows\api\lowlevel\inc" /I"C:\Program Files (x86)\Microsoft DirectX SDK (June 2010)\Include" /ZI /nologo /W3 /WX- /Od /Oy- /D _MBCS /Gm /EHsc /RTC1 /MDd /GS /fp:precise /Zc:wchar_t /Zc:forScope /Fo"Debug\\" /Fd"Debug\vc100.pdb" /Gd /TP /analyze- /errorReport:prompt FMODHandler.cpp Main.cpp Renderer.cpp Screen.cpp WorldHandler.cpp
         WorldHandler.cpp
     1>j:\3d2_project\dv1222 - lab3 - rasmus tilljander\dv1222 - lab3 - rasmus tilljander\worldhandler.cpp(31): warning C4482: nonstandard extension used: enum 'Direction' used in qualified name
     1>j:\3d2_project\dv1222 - lab3 - rasmus tilljander\dv1222 - lab3 - rasmus tilljander\worldhandler.cpp(32): warning C4482: nonstandard extension used: enum 'Direction' used in qualified name
     1>j:\3d2_project\dv1222 - lab3 - rasmus tilljander\dv1222 - lab3 - rasmus tilljander\worldhandler.cpp(163): warning C4482: nonstandard extension used: enum 'LoadableObject' used in qualified name
     1>j:\3d2_project\dv1222 - lab3 - rasmus tilljander\dv1222 - lab3 - rasmus tilljander\worldhandler.cpp(168): warning C4305: 'argument' : truncation from 'double' to 'FLOAT'
     1>j:\3d2_project\dv1222 - lab3 - rasmus tilljander\dv1222 - lab3 - rasmus tilljander\worldhandler.cpp(168): warning C4305: 'argument' : truncation from 'double' to 'FLOAT'
     1>j:\3d2_project\dv1222 - lab3 - rasmus tilljander\dv1222 - lab3 - rasmus tilljander\worldhandler.cpp(168): warning C4305: 'argument' : truncation from 'double' to 'FLOAT'
     1>j:\3d2_project\dv1222 - lab3 - rasmus tilljander\dv1222 - lab3 - rasmus tilljander\worldhandler.cpp(172): warning C4482: nonstandard extension used: enum 'LoadableObject' used in qualified name
     1>j:\3d2_project\dv1222 - lab3 - rasmus tilljander\dv1222 - lab3 - rasmus tilljander\worldhandler.cpp(180): warning C4482: nonstandard extension used: enum 'LoadableObject' used in qualified name
     1>j:\3d2_project\dv1222 - lab3 - rasmus tilljander\dv1222 - lab3 - rasmus tilljander\worldhandler.cpp(188): warning C4482: nonstandard extension used: enum 'LoadableObject' used in qualified name
     1>j:\3d2_project\dv1222 - lab3 - rasmus tilljander\dv1222 - lab3 - rasmus tilljander\worldhandler.cpp(196): warning C4482: nonstandard extension used: enum 'LoadableObject' used in qualified name
     1>j:\3d2_project\dv1222 - lab3 - rasmus tilljander\dv1222 - lab3 - rasmus tilljander\worldhandler.cpp(207): warning C4244: 'argument' : conversion from 'time_t' to 'unsigned int', possible loss of data
     1>j:\3d2_project\dv1222 - lab3 - rasmus tilljander\dv1222 - lab3 - rasmus tilljander\worldhandler.cpp(212): warning C4244: '=' : conversion from 'int' to 'float', possible loss of data
     1>j:\3d2_project\dv1222 - lab3 - rasmus tilljander\dv1222 - lab3 - rasmus tilljander\worldhandler.cpp(213): warning C4244: '=' : conversion from 'int' to 'float', possible loss of data
         FMODHandler.cpp
     1>j:\3d2_project\dv1222 - lab3 - rasmus tilljander\dv1222 - lab3 - rasmus tilljander\fmodhandler.h(12): error C2143: syntax error : missing ';' before '}'
         Generating Code...
         Compiling...
         Screen.cpp
         Renderer.cpp
         Main.cpp
     1>j:\3d2_project\dv1222 - lab3 - rasmus tilljander\dv1222 - lab3 - rasmus tilljander\main.cpp(131): warning C4244: '=' : conversion from 'LONG' to 'float', possible loss of data
     1>j:\3d2_project\dv1222 - lab3 - rasmus tilljander\dv1222 - lab3 - rasmus tilljander\main.cpp(132): warning C4244: '=' : conversion from 'LONG' to 'float', possible loss of data
     1>j:\3d2_project\dv1222 - lab3 - rasmus tilljander\dv1222 - lab3 - rasmus tilljander\main.cpp(134): warning C4244: 'argument' : conversion from 'double' to 'float', possible loss of data
     1>j:\3d2_project\dv1222 - lab3 - rasmus tilljander\dv1222 - lab3 - rasmus tilljander\main.cpp(135): warning C4244: 'argument' : conversion from 'double' to 'float', possible loss of data
         Generating Code...
     1>Done Building Project "J:\3D2_Project\DV1222 - Lab3 - Rasmus Tilljander\DV1222 - Lab3 - Rasmus Tilljander\DV1222 - Lab3 - Rasmus Tilljander.vcxproj" (build target(s)) -- FAILED.

Build FAILED.

Time Elapsed 00:00:12.98
